1 -- Model loaded
{'sequence': <tf.Tensor: shape=(1, 196608, 4), dtype=float32, numpy=
array([[[0., 0., 0., 1.],
        [0., 1., 0., 0.],
        [0., 0., 0., 1.],
        ...,
        [1., 0., 0., 0.],
        [0., 0., 0., 1.],
        [0., 0., 0., 1.]]], dtype=float32)>, 'target': <tf.Tensor: shape=(896, 5313), dtype=float32, numpy=
array([[0.17102051, 0.06384277, 0.0463562 , ..., 0.        , 0.        ,
        0.        ],
       [0.3293457 , 0.06427002, 0.08435059, ..., 0.        , 0.        ,
        0.        ],
       [0.29785156, 0.03128052, 0.07855225, ..., 0.        , 0.        ,
        0.05743408],
       ...,
       [0.03866577, 0.0383606 , 0.        , ..., 0.        , 0.        ,
        0.        ],
       [0.03744507, 0.02104187, 0.        , ..., 0.        , 0.        ,
        0.        ],
       [0.06134033, 0.02706909, 0.        , ..., 0.        , 0.        ,
        0.        ]], dtype=float32)>, 'interval': Interval(chrom='chrX', start=148489721, end=148620793, name='', strand='.', ...)}
{'sequence': <tf.Tensor: shape=(1, 196608, 4), dtype=float32, numpy=
array([[[0., 0., 1., 0.],
        [0., 1., 0., 0.],
        [0., 0., 0., 1.],
        ...,
        [0., 0., 0., 1.],
        [0., 1., 0., 0.],
        [0., 1., 0., 0.]]], dtype=float32)>, 'target': <tf.Tensor: shape=(896, 5313), dtype=float32, numpy=
array([[0.05947876, 0.12145996, 0.41333008, ..., 0.        , 0.        ,
        0.        ],
       [0.05865479, 0.11932373, 0.14929199, ..., 0.        , 0.        ,
        0.        ],
       [0.12890625, 0.09796143, 0.12164307, ..., 0.        , 0.        ,
        0.        ],
       ...,
       [0.0869751 , 0.13098145, 0.06756592, ..., 0.17700195, 0.        ,
        0.        ],
       [0.09960938, 0.12573242, 0.03025818, ..., 0.        , 0.        ,
        0.        ],
       [0.10339355, 0.12384033, 0.03799438, ..., 0.        , 0.        ,
        0.        ]], dtype=float32)>, 'interval': Interval(chrom='chr18', start=63204849, end=63335921, name='', strand='.', ...)}
{'sequence': <tf.Tensor: shape=(1, 196608, 4), dtype=float32, numpy=
array([[[0., 1., 0., 0.],
        [0., 0., 0., 1.],
        [0., 0., 0., 1.],
        ...,
        [0., 1., 0., 0.],
        [0., 0., 0., 1.],
        [0., 1., 0., 0.]]], dtype=float32)>, 'target': <tf.Tensor: shape=(896, 5313), dtype=float32, numpy=
array([[0.052948  , 0.03955078, 0.        , ..., 0.        , 0.        ,
        0.        ],
       [0.07745361, 0.0737915 , 0.        , ..., 0.        , 0.        ,
        0.        ],
       [0.06622314, 0.0791626 , 0.        , ..., 0.        , 0.        ,
        0.        ],
       ...,
       [0.01012421, 0.01171875, 0.        , ..., 0.        , 0.        ,
        0.        ],
       [0.08197021, 0.08709717, 0.02478027, ..., 0.        , 0.        ,
        0.        ],
       [0.08874512, 0.13085938, 0.13928223, ..., 0.        , 0.        ,
        0.        ]], dtype=float32)>, 'interval': Interval(chrom='chr6', start=156221015, end=156352087, name='', strand='.', ...)}
Pred and evaluation done
Saved
