N E X T F L O W  ~  version 21.10.6
Launching `/users/cn/lsantus/projects/FED/src/01_enformer/main.nf` [small_mendel] - revision: aa24f7f546
Emformer via NF
=====================================

[-        ] process > enformer_prep197:create_197... -

[-        ] process > enformer_prep197:create_197... -
[-        ] process > predict_eval_wf:predict_eval   -
[-        ] process > predict_eval_wf:summary_df     -

[-        ] process > enformer_prep197:create_197... -
[-        ] process > predict_eval_wf:predict_eval   -
[-        ] process > predict_eval_wf:summary_df     -
[skipping] Stored process > enformer_prep197:create_197K_dataset (valid-0-6)
[skipping] Stored process > enformer_prep197:create_197K_dataset (valid-0-0)

[skipped  ] process > enformer_prep197:create_197... [100%] 9 of 9, stored: 9 ✔
[-        ] process > predict_eval_wf:predict_eval   -
[-        ] process > predict_eval_wf:summary_df     -
[skipping] Stored process > enformer_prep197:create_197K_dataset (valid-0-6)
[skipping] Stored process > enformer_prep197:create_197K_dataset (valid-0-0)
[skipping] Stored process > enformer_prep197:create_197K_dataset (valid-0-3)
[skipping] Stored process > enformer_prep197:create_197K_dataset (valid-0-8)
[skipping] Stored process > enformer_prep197:create_197K_dataset (valid-0-2)
[skipping] Stored process > enformer_prep197:create_197K_dataset (valid-0-5)
[skipping] Stored process > enformer_prep197:create_197K_dataset (valid-0-4)
[skipping] Stored process > enformer_prep197:create_197K_dataset (valid-0-7)
[skipping] Stored process > enformer_prep197:create_197K_dataset (valid-0-1)

[skipped  ] process > enformer_prep197:create_197... [100%] 9 of 9, stored: 9 ✔
[-        ] process > predict_eval_wf:predict_eval   [  0%] 0 of 4
[-        ] process > predict_eval_wf:summary_df     -
[skipping] Stored process > enformer_prep197:create_197K_dataset (valid-0-6)
[skipping] Stored process > enformer_prep197:create_197K_dataset (valid-0-0)
[skipping] Stored process > enformer_prep197:create_197K_dataset (valid-0-3)
[skipping] Stored process > enformer_prep197:create_197K_dataset (valid-0-8)
[skipping] Stored process > enformer_prep197:create_197K_dataset (valid-0-2)
[skipping] Stored process > enformer_prep197:create_197K_dataset (valid-0-5)
[skipping] Stored process > enformer_prep197:create_197K_dataset (valid-0-4)
[skipping] Stored process > enformer_prep197:create_197K_dataset (valid-0-7)
[skipping] Stored process > enformer_prep197:create_197K_dataset (valid-0-1)
Error executing process > 'predict_eval_wf:predict_eval (2)'

Caused by:
  Process requirement exceed available CPUs -- req: 8; avail: 1

Command executed:

  python 02_pred_eval.py valid-0-6_197k.pkl 1 "valid-0-6_197k_pred.pkl" human

Command exit status:
  -

Command output:
  (empty)

Work dir:
  /nfs/users/cn/lsantus/projects/FED/src/00_clusterCRG/work/35/a2fe57bdba6fe870ffd55c669b7938

Tip: you can try to figure out what's wrong by changing to the process work dir and showing the script file named `.command.sh`


Pipeline completed at: 2022-02-08T10:40:30.687+01:00
Execution status: failed

[skipped  ] process > enformer_prep197:create_197... [100%] 9 of 9, stored: 9 ✔
[35/a2fe57] process > predict_eval_wf:predict_eva... [ 11%] 1 of 9, failed: 1
[-        ] process > predict_eval_wf:summary_df     -
[skipping] Stored process > enformer_prep197:create_197K_dataset (valid-0-6)
[skipping] Stored process > enformer_prep197:create_197K_dataset (valid-0-0)
[skipping] Stored process > enformer_prep197:create_197K_dataset (valid-0-3)
[skipping] Stored process > enformer_prep197:create_197K_dataset (valid-0-8)
[skipping] Stored process > enformer_prep197:create_197K_dataset (valid-0-2)
[skipping] Stored process > enformer_prep197:create_197K_dataset (valid-0-5)
[skipping] Stored process > enformer_prep197:create_197K_dataset (valid-0-4)
[skipping] Stored process > enformer_prep197:create_197K_dataset (valid-0-7)
[skipping] Stored process > enformer_prep197:create_197K_dataset (valid-0-1)
Error executing process > 'predict_eval_wf:predict_eval (2)'

Caused by:
  Process requirement exceed available CPUs -- req: 8; avail: 1

Command executed:

  python 02_pred_eval.py valid-0-6_197k.pkl 1 "valid-0-6_197k_pred.pkl" human

Command exit status:
  -

Command output:
  (empty)

Work dir:
  /nfs/users/cn/lsantus/projects/FED/src/00_clusterCRG/work/35/a2fe57bdba6fe870ffd55c669b7938

Tip: you can try to figure out what's wrong by changing to the process work dir and showing the script file named `.command.sh`



