N E X T F L O W  ~  version 21.10.6
Launching `/users/cn/lsantus/projects/FED/src/01_enformer/main.nf` [backstabbing_euclid] - revision: aa24f7f546
Emformer via NF
=====================================

[-        ] process > enformer_prep197:create_197... -

[-        ] process > enformer_prep197:create_197... -
[-        ] process > predict_eval_wf:predict_eval   -
[-        ] process > predict_eval_wf:summary_df     -
[skipping] Stored process > enformer_prep197:create_197K_dataset (valid-0-6)

[skipped  ] process > enformer_prep197:create_197... [100%] 9 of 9, stored: 9 ✔
[-        ] process > predict_eval_wf:predict_eval   [  0%] 0 of 1
[-        ] process > predict_eval_wf:summary_df     -
[skipping] Stored process > enformer_prep197:create_197K_dataset (valid-0-6)
[skipping] Stored process > enformer_prep197:create_197K_dataset (valid-0-0)
[skipping] Stored process > enformer_prep197:create_197K_dataset (valid-0-3)
[skipping] Stored process > enformer_prep197:create_197K_dataset (valid-0-8)
[skipping] Stored process > enformer_prep197:create_197K_dataset (valid-0-2)
[skipping] Stored process > enformer_prep197:create_197K_dataset (valid-0-5)
[skipping] Stored process > enformer_prep197:create_197K_dataset (valid-0-4)
[skipping] Stored process > enformer_prep197:create_197K_dataset (valid-0-7)
[skipping] Stored process > enformer_prep197:create_197K_dataset (valid-0-1)

executor >  local (1)
[skipped  ] process > enformer_prep197:create_197... [100%] 9 of 9, stored: 9 ✔
[a9/04726e] process > predict_eval_wf:predict_eva... [  0%] 0 of 9
[-        ] process > predict_eval_wf:summary_df     -
[skipping] Stored process > enformer_prep197:create_197K_dataset (valid-0-6)
[skipping] Stored process > enformer_prep197:create_197K_dataset (valid-0-0)
[skipping] Stored process > enformer_prep197:create_197K_dataset (valid-0-3)
[skipping] Stored process > enformer_prep197:create_197K_dataset (valid-0-8)
[skipping] Stored process > enformer_prep197:create_197K_dataset (valid-0-2)
[skipping] Stored process > enformer_prep197:create_197K_dataset (valid-0-5)
[skipping] Stored process > enformer_prep197:create_197K_dataset (valid-0-4)
[skipping] Stored process > enformer_prep197:create_197K_dataset (valid-0-7)
[skipping] Stored process > enformer_prep197:create_197K_dataset (valid-0-1)

executor >  local (1)
[skipped  ] process > enformer_prep197:create_197... [100%] 9 of 9, stored: 9 ✔
[a9/04726e] process > predict_eval_wf:predict_eva... [  0%] 0 of 9
[-        ] process > predict_eval_wf:summary_df     -
[skipping] Stored process > enformer_prep197:create_197K_dataset (valid-0-6)
[skipping] Stored process > enformer_prep197:create_197K_dataset (valid-0-0)
[skipping] Stored process > enformer_prep197:create_197K_dataset (valid-0-3)
[skipping] Stored process > enformer_prep197:create_197K_dataset (valid-0-8)
[skipping] Stored process > enformer_prep197:create_197K_dataset (valid-0-2)
[skipping] Stored process > enformer_prep197:create_197K_dataset (valid-0-5)
[skipping] Stored process > enformer_prep197:create_197K_dataset (valid-0-4)
[skipping] Stored process > enformer_prep197:create_197K_dataset (valid-0-7)
[skipping] Stored process > enformer_prep197:create_197K_dataset (valid-0-1)

executor >  local (2)
[skipped  ] process > enformer_prep197:create_197... [100%] 9 of 9, stored: 9 ✔
[98/d5e355] process > predict_eval_wf:predict_eva... [  0%] 0 of 9
[-        ] process > predict_eval_wf:summary_df     -
[skipping] Stored process > enformer_prep197:create_197K_dataset (valid-0-6)
[skipping] Stored process > enformer_prep197:create_197K_dataset (valid-0-0)
[skipping] Stored process > enformer_prep197:create_197K_dataset (valid-0-3)
[skipping] Stored process > enformer_prep197:create_197K_dataset (valid-0-8)
[skipping] Stored process > enformer_prep197:create_197K_dataset (valid-0-2)
[skipping] Stored process > enformer_prep197:create_197K_dataset (valid-0-5)
[skipping] Stored process > enformer_prep197:create_197K_dataset (valid-0-4)
[skipping] Stored process > enformer_prep197:create_197K_dataset (valid-0-7)
[skipping] Stored process > enformer_prep197:create_197K_dataset (valid-0-1)
Error executing process > 'predict_eval_wf:predict_eval (1)'

Caused by:
  Process `predict_eval_wf:predict_eval (1)` terminated with an error exit status (137)

Command executed:

  python 02_pred_eval.py valid-0-0_197k.pkl 1 "valid-0-0_197k_pred.pkl" human

Command exit status:
  137

Command output:
  (empty)

Command error:
  .command.sh: line 2: 26328 Killed                  python 02_pred_eval.py valid-0-0_197k.pkl 1 "valid-0-0_197k_pred.pkl" human

Work dir:
  /nfs/users/cn/lsantus/projects/FED/src/00_clusterCRG/work/a9/04726ef6e6dd2e4eda960bd84cb5f7

Tip: you can replicate the issue by changing to the process work dir and entering the command `bash .command.run`


Pipeline completed at: 2022-02-08T10:28:46.475+01:00
Execution status: failed
WARN: Killing pending tasks (1)

executor >  local (2)
[skipped  ] process > enformer_prep197:create_197... [100%] 9 of 9, stored: 9 ✔
[98/d5e355] process > predict_eval_wf:predict_eva... [ 12%] 1 of 8, failed: 1
[-        ] process > predict_eval_wf:summary_df     -
[skipping] Stored process > enformer_prep197:create_197K_dataset (valid-0-6)
[skipping] Stored process > enformer_prep197:create_197K_dataset (valid-0-0)
[skipping] Stored process > enformer_prep197:create_197K_dataset (valid-0-3)
[skipping] Stored process > enformer_prep197:create_197K_dataset (valid-0-8)
[skipping] Stored process > enformer_prep197:create_197K_dataset (valid-0-2)
[skipping] Stored process > enformer_prep197:create_197K_dataset (valid-0-5)
[skipping] Stored process > enformer_prep197:create_197K_dataset (valid-0-4)
[skipping] Stored process > enformer_prep197:create_197K_dataset (valid-0-7)
[skipping] Stored process > enformer_prep197:create_197K_dataset (valid-0-1)
Error executing process > 'predict_eval_wf:predict_eval (1)'

Caused by:
  Process `predict_eval_wf:predict_eval (1)` terminated with an error exit status (137)

Command executed:

  python 02_pred_eval.py valid-0-0_197k.pkl 1 "valid-0-0_197k_pred.pkl" human

Command exit status:
  137

Command output:
  (empty)

Command error:
  .command.sh: line 2: 26328 Killed                  python 02_pred_eval.py valid-0-0_197k.pkl 1 "valid-0-0_197k_pred.pkl" human

Work dir:
  /nfs/users/cn/lsantus/projects/FED/src/00_clusterCRG/work/a9/04726ef6e6dd2e4eda960bd84cb5f7

Tip: you can replicate the issue by changing to the process work dir and entering the command `bash .command.run`



