N E X T F L O W  ~  version 21.10.6
Launching `/users/cn/lsantus/projects/FED/src/01_enformer/main.nf` [goofy_fermat] - revision: aa24f7f546
Emformer via NF
=====================================

[-        ] process > enformer_prep197:create_197... -
[-        ] process > predict_eval_wf:predict_eval   -
[-        ] process > predict_eval_wf:summary_df     -

[-        ] process > enformer_prep197:create_197... -
[-        ] process > predict_eval_wf:predict_eval   -
[-        ] process > predict_eval_wf:summary_df     -
[skipping] Stored process > enformer_prep197:create_197K_dataset (valid-0-0)
[skipping] Stored process > enformer_prep197:create_197K_dataset (valid-0-6)

[skipped  ] process > enformer_prep197:create_197... [100%] 9 of 9, stored: 9 ✔
[-        ] process > predict_eval_wf:predict_eval   -
[-        ] process > predict_eval_wf:summary_df     -
[skipping] Stored process > enformer_prep197:create_197K_dataset (valid-0-0)
[skipping] Stored process > enformer_prep197:create_197K_dataset (valid-0-6)
[skipping] Stored process > enformer_prep197:create_197K_dataset (valid-0-3)
[skipping] Stored process > enformer_prep197:create_197K_dataset (valid-0-8)
[skipping] Stored process > enformer_prep197:create_197K_dataset (valid-0-2)
[skipping] Stored process > enformer_prep197:create_197K_dataset (valid-0-5)
[skipping] Stored process > enformer_prep197:create_197K_dataset (valid-0-4)
[skipping] Stored process > enformer_prep197:create_197K_dataset (valid-0-7)
[skipping] Stored process > enformer_prep197:create_197K_dataset (valid-0-1)

[skipped  ] process > enformer_prep197:create_197... [100%] 9 of 9, stored: 9 ✔
[-        ] process > predict_eval_wf:predict_eval   [  0%] 0 of 8
[-        ] process > predict_eval_wf:summary_df     -
[skipping] Stored process > enformer_prep197:create_197K_dataset (valid-0-0)
[skipping] Stored process > enformer_prep197:create_197K_dataset (valid-0-6)
[skipping] Stored process > enformer_prep197:create_197K_dataset (valid-0-3)
[skipping] Stored process > enformer_prep197:create_197K_dataset (valid-0-8)
[skipping] Stored process > enformer_prep197:create_197K_dataset (valid-0-2)
[skipping] Stored process > enformer_prep197:create_197K_dataset (valid-0-5)
[skipping] Stored process > enformer_prep197:create_197K_dataset (valid-0-4)
[skipping] Stored process > enformer_prep197:create_197K_dataset (valid-0-7)
[skipping] Stored process > enformer_prep197:create_197K_dataset (valid-0-1)

executor >  local (1)
[skipped  ] process > enformer_prep197:create_197... [100%] 9 of 9, stored: 9 ✔
[71/bbdb36] process > predict_eval_wf:predict_eva... [  0%] 0 of 9
[-        ] process > predict_eval_wf:summary_df     -
[skipping] Stored process > enformer_prep197:create_197K_dataset (valid-0-0)
[skipping] Stored process > enformer_prep197:create_197K_dataset (valid-0-6)
[skipping] Stored process > enformer_prep197:create_197K_dataset (valid-0-3)
[skipping] Stored process > enformer_prep197:create_197K_dataset (valid-0-8)
[skipping] Stored process > enformer_prep197:create_197K_dataset (valid-0-2)
[skipping] Stored process > enformer_prep197:create_197K_dataset (valid-0-5)
[skipping] Stored process > enformer_prep197:create_197K_dataset (valid-0-4)
[skipping] Stored process > enformer_prep197:create_197K_dataset (valid-0-7)
[skipping] Stored process > enformer_prep197:create_197K_dataset (valid-0-1)

executor >  local (2)
[skipped  ] process > enformer_prep197:create_197... [100%] 9 of 9, stored: 9 ✔
[bc/468871] process > predict_eval_wf:predict_eva... [ 11%] 1 of 9
[-        ] process > predict_eval_wf:summary_df     [  0%] 0 of 1










executor >  local (2)
[skipped  ] process > enformer_prep197:create_197... [100%] 9 of 9, stored: 9 ✔
[bc/468871] process > predict_eval_wf:predict_eva... [ 11%] 1 of 9
[-        ] process > predict_eval_wf:summary_df     [  0%] 0 of 1









